<?xml version="1.0" encoding="UTF-8"?>
<!-- Generated by org.testng.reporters.JUnitXMLReporter -->
<testsuite ignored="0" hostname="DESKTOP-E9SL309" failures="0" tests="4" name="Test" time="17.09" errors="0" timestamp="2026-03-30T15:22:34 IST">
  <testcase classname="api.testcases.UserTest" name="testCreateUser" time="6.876"/>
  <testcase classname="api.testcases.UserTest" name="testGetUser" time="2.678"/>
  <testcase classname="api.testcases.UserTest" name="testUpdateUser" time="4.01"/>
  <testcase classname="api.testcases.UserTest" name="testDeleteUser" time="2.553"/>
</testsuite> <!-- Test -->
