<?xml version="1.0" encoding="UTF-8"?>
<!-- Generated by org.testng.reporters.JUnitXMLReporter -->
<testsuite ignored="0" hostname="DESKTOP-E9SL309" failures="0" tests="4" name="Test" time="14.386" errors="0" timestamp="2026-03-30T16:23:40 IST">
  <testcase classname="api.testcases.UserTest" name="testCreateUser" time="6.247"/>
  <testcase classname="api.testcases.UserTest" name="testGetUser" time="1.939"/>
  <testcase classname="api.testcases.UserTest" name="testUpdateUser" time="3.528"/>
  <testcase classname="api.testcases.UserTest" name="testDeleteUser" time="1.584"/>
</testsuite> <!-- Test -->
