<?xml version="1.0" encoding="UTF-8"?>
<!-- Generated by org.testng.reporters.JUnitReportReporter -->
<testsuite hostname="DESKTOP-E9SL309" failures="0" tests="9" name="api.testcases.UserTestDD" time="27.792" errors="0" timestamp="2026-03-30T14:14:26 IST" skipped="0">
  <testcase classname="api.testcases.UserTestDD" name="testCreateUser" time="7.178"/>
  <testcase classname="api.testcases.UserTestDD" name="testCreateUser" time="3.892"/>
  <testcase classname="api.testcases.UserTestDD" name="testCreateUser" time="2.558"/>
  <testcase classname="api.testcases.UserTestDD" name="testGetUser" time="2.555"/>
  <testcase classname="api.testcases.UserTestDD" name="testGetUser" time="2.047"/>
  <testcase classname="api.testcases.UserTestDD" name="testGetUser" time="2.465"/>
  <testcase classname="api.testcases.UserTestDD" name="testDeleteUser" time="2.597"/>
  <testcase classname="api.testcases.UserTestDD" name="testDeleteUser" time="2.242"/>
  <testcase classname="api.testcases.UserTestDD" name="testDeleteUser" time="2.258"/>
</testsuite> <!-- api.testcases.UserTestDD -->
